0 verbose cli C:\Program Files\nodejs\node.exe c:\Users\carlo\AppData\Roaming\npm\node_modules\npm\bin\npm-cli.js
1 info using npm@10.8.3
2 info using node@v20.16.0
3 silly config load:file:c:\Users\carlo\AppData\Roaming\npm\node_modules\npm\npmrc
4 silly config load:file:c:\Users\carlo\Documents\GitHub\Controle_de_Materiais_2\.npmrc
5 silly config load:file:C:\Users\carlo\.npmrc
6 silly config load:file:C:\Users\carlo\AppData\Roaming\npm\etc\npmrc
7 verbose title npm view expo-splash-screen description dist-tags.latest homepage version time
8 verbose argv "view" "--json" "--" "expo-splash-screen" "description" "dist-tags.latest" "homepage" "version" "time"
9 verbose logfile logs-max:10 dir:c:\Users\carlo\Documents\GitHub\Controle_de_Materiais_2\clean\_logs\2024-09-20T03_16_13_238Z-
10 verbose logfile c:\Users\carlo\Documents\GitHub\Controle_de_Materiais_2\clean\_logs\2024-09-20T03_16_13_238Z-debug-0.log
11 silly logfile start cleaning logs, removing 1 files
12 silly logfile done cleaning log files
13 http fetch GET 200 https://registry.npmjs.org/expo-splash-screen 920ms (cache revalidated)
14 verbose cwd c:\Users\carlo\Documents\GitHub\Controle_de_Materiais_2
15 verbose os Windows_NT 10.0.19045
16 verbose node v20.16.0
17 verbose npm  v10.8.3
18 verbose exit 0
19 info ok
