0 verbose cli C:\Program Files\nodejs\node.exe c:\Users\carlo\AppData\Roaming\npm\node_modules\npm\bin\npm-cli.js
1 info using npm@10.8.3
2 info using node@v20.16.0
3 silly config load:file:c:\Users\carlo\AppData\Roaming\npm\node_modules\npm\npmrc
4 silly config load:file:C:\Users\carlo\Documents\GitHub\Controle_de_Materiais_2\.npmrc
5 silly config load:file:C:\Users\carlo\.npmrc
6 silly config load:file:C:\Users\carlo\AppData\Roaming\npm\etc\npmrc
7 verbose title npm install
8 verbose argv "install"
9 verbose logfile logs-max:10 dir:C:\Users\carlo\Documents\GitHub\Controle_de_Materiais_2\clean\_logs\2024-09-20T03_12_10_704Z-
10 verbose logfile C:\Users\carlo\Documents\GitHub\Controle_de_Materiais_2\clean\_logs\2024-09-20T03_12_10_704Z-debug-0.log
11 silly packumentCache heap:4345298944 maxSize:1086324736 maxEntrySize:543162368
12 silly logfile start cleaning logs, removing 1 files
13 silly logfile done cleaning log files
14 silly idealTree buildDeps
15 silly reify moves {}
16 silly audit bulk request {
16 silly audit   '@ampproject/remapping': [ '2.3.0' ],
16 silly audit   '@babel/code-frame': [ '7.24.7', '7.10.4' ],
16 silly audit   '@babel/compat-data': [ '7.25.4' ],
16 silly audit   '@babel/core': [ '7.25.2' ],
16 silly audit   '@babel/generator': [ '7.25.6', '7.2.0' ],
16 silly audit   '@babel/helper-annotate-as-pure': [ '7.24.7' ],
16 silly audit   '@babel/helper-compilation-targets': [ '7.25.2' ],
16 silly audit   '@babel/helper-create-class-features-plugin': [ '7.25.4' ],
16 silly audit   '@babel/helper-create-regexp-features-plugin': [ '7.25.2' ],
16 silly audit   '@babel/helper-define-polyfill-provider': [ '0.6.2' ],
16 silly audit   '@babel/helper-environment-visitor': [ '7.24.7' ],
16 silly audit   '@babel/helper-member-expression-to-functions': [ '7.24.8' ],
16 silly audit   '@babel/helper-module-imports': [ '7.24.7' ],
16 silly audit   '@babel/helper-module-transforms': [ '7.25.2' ],
16 silly audit   '@babel/helper-optimise-call-expression': [ '7.24.7' ],
16 silly audit   '@babel/helper-plugin-utils': [ '7.24.8' ],
16 silly audit   '@babel/helper-remap-async-to-generator': [ '7.25.0' ],
16 silly audit   '@babel/helper-replace-supers': [ '7.25.0' ],
16 silly audit   '@babel/helper-simple-access': [ '7.24.7' ],
16 silly audit   '@babel/helper-skip-transparent-expression-wrappers': [ '7.24.7' ],
16 silly audit   '@babel/helper-string-parser': [ '7.24.8' ],
16 silly audit   '@babel/helper-validator-identifier': [ '7.24.7' ],
16 silly audit   '@babel/helper-validator-option': [ '7.24.8' ],
16 silly audit   '@babel/helper-wrap-function': [ '7.25.0' ],
16 silly audit   '@babel/helpers': [ '7.25.6' ],
16 silly audit   '@babel/highlight': [ '7.24.7' ],
16 silly audit   '@babel/parser': [ '7.25.6' ],
16 silly audit   '@babel/plugin-proposal-async-generator-functions': [ '7.20.7' ],
16 silly audit   '@babel/plugin-proposal-class-properties': [ '7.18.6' ],
16 silly audit   '@babel/plugin-proposal-decorators': [ '7.24.7' ],
16 silly audit   '@babel/plugin-proposal-export-default-from': [ '7.24.7' ],
16 silly audit   '@babel/plugin-proposal-logical-assignment-operators': [ '7.20.7' ],
16 silly audit   '@babel/plugin-proposal-nullish-coalescing-operator': [ '7.18.6' ],
16 silly audit   '@babel/plugin-proposal-numeric-separator': [ '7.18.6' ],
16 silly audit   '@babel/plugin-proposal-object-rest-spread': [ '7.20.7' ],
16 silly audit   '@babel/plugin-proposal-optional-catch-binding': [ '7.18.6' ],
16 silly audit   '@babel/plugin-proposal-optional-chaining': [ '7.21.0' ],
16 silly audit   '@babel/plugin-syntax-async-generators': [ '7.8.4' ],
16 silly audit   '@babel/plugin-syntax-decorators': [ '7.24.7' ],
16 silly audit   '@babel/plugin-syntax-dynamic-import': [ '7.8.3' ],
16 silly audit   '@babel/plugin-syntax-export-default-from': [ '7.24.7' ],
16 silly audit   '@babel/plugin-syntax-export-namespace-from': [ '7.8.3' ],
16 silly audit   '@babel/plugin-syntax-flow': [ '7.24.7' ],
16 silly audit   '@babel/plugin-syntax-jsx': [ '7.24.7' ],
16 silly audit   '@babel/plugin-syntax-logical-assignment-operators': [ '7.10.4' ],
16 silly audit   '@babel/plugin-syntax-nullish-coalescing-operator': [ '7.8.3' ],
16 silly audit   '@babel/plugin-syntax-numeric-separator': [ '7.10.4' ],
16 silly audit   '@babel/plugin-syntax-object-rest-spread': [ '7.8.3' ],
16 silly audit   '@babel/plugin-syntax-optional-catch-binding': [ '7.8.3' ],
16 silly audit   '@babel/plugin-syntax-optional-chaining': [ '7.8.3' ],
16 silly audit   '@babel/plugin-syntax-private-property-in-object': [ '7.14.5' ],
16 silly audit   '@babel/plugin-syntax-typescript': [ '7.25.4' ],
16 silly audit   '@babel/plugin-transform-arrow-functions': [ '7.24.7' ],
16 silly audit   '@babel/plugin-transform-async-to-generator': [ '7.24.7' ],
16 silly audit   '@babel/plugin-transform-block-scoping': [ '7.25.0' ],
16 silly audit   '@babel/plugin-transform-classes': [ '7.25.4' ],
16 silly audit   '@babel/plugin-transform-computed-properties': [ '7.24.7' ],
16 silly audit   '@babel/plugin-transform-destructuring': [ '7.24.8' ],
16 silly audit   '@babel/plugin-transform-export-namespace-from': [ '7.24.7' ],
16 silly audit   '@babel/plugin-transform-flow-strip-types': [ '7.25.2' ],
16 silly audit   '@babel/plugin-transform-function-name': [ '7.25.1' ],
16 silly audit   '@babel/plugin-transform-literals': [ '7.25.2' ],
16 silly audit   '@babel/plugin-transform-modules-commonjs': [ '7.24.8' ],
16 silly audit   '@babel/plugin-transform-named-capturing-groups-regex': [ '7.24.7' ],
16 silly audit   '@babel/plugin-transform-object-rest-spread': [ '7.24.7' ],
16 silly audit   '@babel/plugin-transform-parameters': [ '7.24.7' ],
16 silly audit   '@babel/plugin-transform-private-methods': [ '7.25.4' ],
16 silly audit   '@babel/plugin-transform-private-property-in-object': [ '7.24.7' ],
16 silly audit   '@babel/plugin-transform-react-display-name': [ '7.24.7' ],
16 silly audit   '@babel/plugin-transform-react-jsx': [ '7.25.2' ],
16 silly audit   '@babel/plugin-transform-react-jsx-development': [ '7.24.7' ],
16 silly audit   '@babel/plugin-transform-react-jsx-self': [ '7.24.7' ],
16 silly audit   '@babel/plugin-transform-react-jsx-source': [ '7.24.7' ],
16 silly audit   '@babel/plugin-transform-react-pure-annotations': [ '7.24.7' ],
16 silly audit   '@babel/plugin-transform-runtime': [ '7.25.4' ],
16 silly audit   '@babel/plugin-transform-shorthand-properties': [ '7.24.7' ],
16 silly audit   '@babel/plugin-transform-spread': [ '7.24.7' ],
16 silly audit   '@babel/plugin-transform-sticky-regex': [ '7.24.7' ],
16 silly audit   '@babel/plugin-transform-typescript': [ '7.25.2' ],
16 silly audit   '@babel/plugin-transform-unicode-regex': [ '7.24.7' ],
16 silly audit   '@babel/preset-flow': [ '7.24.7' ],
16 silly audit   '@babel/preset-react': [ '7.24.7' ],
16 silly audit   '@babel/preset-typescript': [ '7.24.7' ],
16 silly audit   '@babel/register': [ '7.24.6' ],
16 silly audit   '@babel/regjsgen': [ '0.8.0' ],
16 silly audit   '@babel/runtime': [ '7.25.6' ],
16 silly audit   '@babel/template': [ '7.25.0' ],
16 silly audit   '@babel/traverse': [ '7.25.6' ],
16 silly audit   '@babel/types': [ '7.25.6' ],
16 silly audit   '@egjs/hammerjs': [ '2.0.17' ],
16 silly audit   '@expo/bunyan': [ '4.0.1' ],
16 silly audit   '@expo/cli': [ '0.18.29' ],
16 silly audit   'ansi-styles': [ '4.3.0', '6.2.1', '3.2.1', '5.2.0' ],
16 silly audit   chalk: [ '4.1.2', '2.4.2' ],
16 silly audit   'color-convert': [ '2.0.1', '1.9.3' ],
16 silly audit   'color-name': [ '1.1.4', '1.1.3' ],
16 silly audit   'has-flag': [ '4.0.0', '3.0.0' ],
16 silly audit   semver: [ '7.6.3', '5.7.2', '6.3.1' ],
16 silly audit   'supports-color': [ '7.2.0', '8.1.1', '5.5.0' ],
16 silly audit   '@expo/code-signing-certificates': [ '0.0.5' ],
16 silly audit   '@expo/config': [ '9.0.3' ],
16 silly audit   '@expo/config-plugins': [ '8.0.8' ],
16 silly audit   glob: [ '7.1.6', '10.4.5', '7.2.3' ],
16 silly audit   '@expo/config-types': [ '51.0.2' ],
16 silly audit   '@expo/devcert': [ '1.1.4' ],
16 silly audit   'brace-expansion': [ '2.0.1', '1.1.11' ],
16 silly audit   debug: [ '3.2.7', '2.6.9', '4.3.7' ],
16 silly audit   minimatch: [ '9.0.5', '3.1.2' ],
16 silly audit   '@expo/env': [ '0.3.0' ],
16 silly audit   '@expo/image-utils': [ '0.5.1' ],
16 silly audit   'crypto-random-string': [ '1.0.0', '2.0.0' ],
16 silly audit   'fs-extra': [ '9.0.0', '9.1.0', '8.1.0' ],
16 silly audit   jsonfile: [ '6.1.0', '4.0.0' ],
16 silly audit   universalify: [ '2.0.1', '1.0.0', '0.1.2' ],
16 silly audit   'temp-dir': [ '1.0.0', '2.0.0' ],
16 silly audit   tempy: [ '0.3.0', '0.7.1' ],
16 silly audit   'type-fest': [ '0.3.1', '0.7.1', '0.16.0', '0.21.3' ],
16 silly audit   'unique-string': [ '1.0.0', '2.0.0' ],
16 silly audit   '@expo/json-file': [ '8.3.3' ],
16 silly audit   '@expo/metro-config': [ '0.18.11' ],
16 silly audit   '@expo/metro-runtime': [ '3.2.3' ],
16 silly audit   '@expo/osascript': [ '2.1.3' ],
16 silly audit   '@expo/package-manager': [ '1.5.2' ],
16 silly audit   'sudo-prompt': [ '9.1.1', '9.2.1', '8.2.5' ],
16 silly audit   '@expo/plist': [ '0.1.3' ],
16 silly audit   '@expo/prebuild-config': [ '7.0.8', '7.0.6' ],
16 silly audit   '@expo/rudder-sdk-node': [ '1.1.1' ],
16 silly audit   '@expo/sdk-runtime-versions': [ '1.0.0' ],
16 silly audit   '@expo/server': [ '0.4.4' ],
16 silly audit   '@expo/spawn-async': [ '1.7.2' ],
16 silly audit   '@expo/vector-icons': [ '14.0.2' ],
16 silly audit   '@expo/xcpretty': [ '4.3.1' ],
16 silly audit   argparse: [ '2.0.1', '1.0.10' ],
16 silly audit   'js-yaml': [ '4.1.0', '3.14.1' ],
16 silly audit   '@fastify/busboy': [ '2.1.1' ],
16 silly audit   '@firebase/analytics': [ '0.10.7', '0.10.4' ],
16 silly audit   '@firebase/analytics-compat': [ '0.2.13', '0.2.10' ],
16 silly audit   '@firebase/analytics-types': [ '0.8.2' ],
16 silly audit   '@firebase/app': [ '0.10.10', '0.10.5' ],
16 silly audit   '@firebase/app-check': [ '0.8.7', '0.8.4' ],
16 silly audit   '@firebase/app-check-compat': [ '0.3.14', '0.3.11' ],
16 silly audit   '@firebase/app-check-interop-types': [ '0.3.2' ],
16 silly audit   '@firebase/app-check-types': [ '0.5.2' ],
16 silly audit   '@firebase/app-compat': [ '0.2.40', '0.2.35' ],
16 silly audit   '@firebase/app-types': [ '0.9.2' ],
16 silly audit   '@firebase/auth': [ '1.7.8', '1.7.4' ],
16 silly audit   '@firebase/auth-compat': [ '0.5.13', '0.5.9' ],
16 silly audit   undici: [ '6.19.7', '5.28.4', '6.19.8' ],
16 silly audit   '@firebase/auth-interop-types': [ '0.2.3' ],
16 silly audit   '@firebase/auth-types': [ '0.12.2' ],
16 silly audit   '@firebase/component': [ '0.6.8', '0.6.7' ],
16 silly audit   '@firebase/database': [ '1.0.7', '1.0.5' ],
16 silly audit   '@firebase/database-compat': [ '1.0.7', '1.0.5' ],
16 silly audit   '@firebase/database-types': [ '1.0.4', '1.0.3' ],
16 silly audit   '@firebase/firestore': [ '4.7.1', '4.6.3' ],
16 silly audit   '@firebase/firestore-compat': [ '0.3.36', '0.3.32' ],
16 silly audit   '@firebase/firestore-types': [ '3.0.2' ],
16 silly audit   '@firebase/functions': [ '0.11.7', '0.11.5' ],
16 silly audit   '@firebase/functions-compat': [ '0.3.13', '0.3.11' ],
16 silly audit   '@firebase/functions-types': [ '0.6.2' ],
16 silly audit   '@firebase/installations': [ '0.6.8', '0.6.7' ],
16 silly audit   '@firebase/installations-compat': [ '0.2.8', '0.2.7' ],
16 silly audit   '@firebase/installations-types': [ '0.5.2' ],
16 silly audit   '@firebase/logger': [ '0.4.2' ],
16 silly audit   '@firebase/messaging': [ '0.12.10', '0.12.9' ],
16 silly audit   '@firebase/messaging-compat': [ '0.2.10', '0.2.9' ],
16 silly audit   '@firebase/messaging-interop-types': [ '0.2.2' ],
16 silly audit   '@firebase/performance': [ '0.6.8', '0.6.7' ],
16 silly audit   '@firebase/performance-compat': [ '0.2.8', '0.2.7' ],
16 silly audit   '@firebase/performance-types': [ '0.2.2' ],
16 silly audit   '@firebase/remote-config': [ '0.4.8', '0.4.7' ],
16 silly audit   '@firebase/remote-config-compat': [ '0.2.8', '0.2.7' ],
16 silly audit   '@firebase/remote-config-types': [ '0.3.2' ],
16 silly audit   '@firebase/storage': [ '0.13.1', '0.12.5' ],
16 silly audit   '@firebase/storage-compat': [ '0.3.11', '0.3.8' ],
16 silly audit   '@firebase/storage-types': [ '0.8.2' ],
16 silly audit   '@firebase/util': [ '1.9.7', '1.9.6' ],
16 silly audit   '@firebase/vertexai-preview': [ '0.0.3', '0.0.2' ],
16 silly audit   '@firebase/webchannel-wrapper': [ '1.0.1', '1.0.0' ],
16 silly audit   '@graphql-typed-document-node/core': [ '3.2.0' ],
16 silly audit   '@grpc/grpc-js': [ '1.9.15' ],
16 silly audit   '@grpc/proto-loader': [ '0.7.13' ],
16 silly audit   '@hapi/hoek': [ '9.3.0' ],
16 silly audit   '@hapi/topo': [ '5.1.0' ],
16 silly audit   '@isaacs/cliui': [ '8.0.2' ],
16 silly audit   'ansi-regex': [ '6.1.0', '5.0.1', '4.1.1' ],
16 silly audit   'emoji-regex': [ '9.2.2', '8.0.0' ],
16 silly audit   'string-width': [ '5.1.2', '4.2.3' ],
16 silly audit   'strip-ansi': [ '7.1.0', '6.0.1', '5.2.0' ],
16 silly audit   'wrap-ansi': [ '8.1.0', '6.2.0', '7.0.0' ],
16 silly audit   '@isaacs/ttlcache': [ '1.4.1' ],
16 silly audit   '@jest/create-cache-key-function': [ '29.7.0' ],
16 silly audit   '@jest/types': [ '29.6.3', '24.9.0', '26.6.2' ],
16 silly audit   '@types/istanbul-reports': [ '3.0.4', '1.1.2' ],
16 silly audit   '@types/yargs': [ '17.0.33', '15.0.19', '13.0.12' ],
16 silly audit   '@jest/environment': [ '29.7.0' ],
16 silly audit   '@jest/fake-timers': [ '29.7.0' ],
16 silly audit   '@jest/schemas': [ '29.6.3' ],
16 silly audit   '@jridgewell/gen-mapping': [ '0.3.5' ],
16 silly audit   '@jridgewell/resolve-uri': [ '3.1.2' ],
16 silly audit   '@jridgewell/set-array': [ '1.2.1' ],
16 silly audit   '@jridgewell/source-map': [ '0.3.6' ],
16 silly audit   '@jridgewell/sourcemap-codec': [ '1.5.0' ],
16 silly audit   '@jridgewell/trace-mapping': [ '0.3.25' ],
16 silly audit   '@nodelib/fs.scandir': [ '2.1.5' ],
16 silly audit   '@nodelib/fs.stat': [ '2.0.5' ],
16 silly audit   '@nodelib/fs.walk': [ '1.2.8' ],
16 silly audit   '@npmcli/fs': [ '3.1.1' ],
16 silly audit   '@pkgjs/parseargs': [ '0.11.0' ],
16 silly audit   '@protobufjs/aspromise': [ '1.1.2' ],
16 silly audit   '@protobufjs/base64': [ '1.1.2' ],
16 silly audit   '@protobufjs/codegen': [ '2.0.4' ],
16 silly audit   '@protobufjs/eventemitter': [ '1.1.0' ],
16 silly audit   '@protobufjs/fetch': [ '1.1.0' ],
16 silly audit   '@protobufjs/float': [ '1.0.2' ],
16 silly audit   '@protobufjs/inquire': [ '1.1.0' ],
16 silly audit   '@protobufjs/path': [ '1.1.2' ],
16 silly audit   '@protobufjs/pool': [ '1.1.0' ],
16 silly audit   '@protobufjs/utf8': [ '1.1.0' ],
16 silly audit   '@radix-ui/react-compose-refs': [ '1.0.0' ],
16 silly audit   '@radix-ui/react-slot': [ '1.0.1' ],
16 silly audit   '@react-native-async-storage/async-storage': [ '1.24.0' ],
16 silly audit   '@react-native-community/cli': [ '13.6.9' ],
16 silly audit   '@react-native-community/cli-clean': [ '13.6.9' ],
16 silly audit   execa: [ '5.1.1', '1.0.0' ],
16 silly audit   'get-stream': [ '6.0.1', '4.1.0' ],
16 silly audit   'is-stream': [ '2.0.1', '1.1.0' ],
16 silly audit   'mimic-fn': [ '2.1.0', '1.2.0' ],
16 silly audit   'npm-run-path': [ '4.0.1', '2.0.2' ],
16 silly audit   onetime: [ '5.1.2', '2.0.1' ],
16 silly audit   '@react-native-community/cli-config': [ '13.6.9' ],
16 silly audit   '@react-native-community/cli-debugger-ui': [ '13.6.9' ],
16 silly audit   '@react-native-community/cli-doctor': [ '13.6.9' ],
16 silly audit   'cli-cursor': [ '3.1.0', '2.1.0' ],
16 silly audit   'log-symbols': [ '4.1.0', '2.2.0' ],
16 silly audit   ora: [ '5.4.1', '3.4.0' ],
16 silly audit   'restore-cursor': [ '3.1.0', '2.0.0' ],
16 silly audit   '@react-native-community/cli-hermes': [ '13.6.9' ],
16 silly audit   '@react-native-community/cli-platform-android': [ '13.6.9' ],
16 silly audit   '@react-native-community/cli-platform-apple': [ '13.6.9' ],
16 silly audit   '@react-native-community/cli-platform-ios': [ '13.6.9' ],
16 silly audit   '@react-native-community/cli-server-api': [ '13.6.9' ],
16 silly audit   'pretty-format': [ '26.6.2', '29.7.0', '24.9.0' ],
16 silly audit   'react-is': [ '17.0.2', '18.3.1', '16.13.1' ],
16 silly audit   ws: [ '6.2.3', '7.5.10', '8.18.0' ],
16 silly audit   '@react-native-community/cli-tools': [ '13.6.9' ],
16 silly audit   'is-wsl': [ '1.1.0', '2.2.0' ],
16 silly audit   open: [ '6.4.0', '7.4.2', '8.4.2' ],
16 silly audit   '@react-native-community/cli-types': [ '13.6.9' ],
16 silly audit   commander: [ '9.5.0', '7.2.0', '4.1.1', '2.20.3' ],
16 silly audit   'find-up': [ '4.1.0', '5.0.0', '3.0.0' ],
16 silly audit   'locate-path': [ '5.0.0', '6.0.0', '3.0.0' ],
16 silly audit   'p-limit': [ '2.3.0', '3.1.0' ],
16 silly audit   'p-locate': [ '4.1.0', '5.0.0', '3.0.0' ],
16 silly audit   '@react-native-firebase/app': [ '20.5.0' ],
16 silly audit   firebase: [ '10.12.2', '10.13.1' ],
16 silly audit   '@react-native-firebase/auth': [ '20.5.0' ],
16 silly audit   '@react-native-firebase/crashlytics': [ '20.5.0' ],
16 silly audit   '@react-native/assets-registry': [ '0.74.87' ],
16 silly audit   '@react-native/babel-plugin-codegen': [ '0.74.87' ],
16 silly audit   '@react-native/babel-preset': [ '0.74.87' ],
16 silly audit   '@react-native/codegen': [ '0.74.87' ],
16 silly audit   '@react-native/community-cli-plugin': [ '0.74.87' ],
16 silly audit   '@react-native/debugger-frontend': [ '0.74.87', '0.74.85' ],
16 silly audit   '@react-native/dev-middleware': [ '0.74.87', '0.74.85' ],
16 silly audit   ms: [ '2.0.0', '2.1.3' ],
16 silly audit   '@react-native/gradle-plugin': [ '0.74.87' ],
16 silly audit   '@react-native/js-polyfills': [ '0.74.87' ],
16 silly audit   '@react-native/metro-babel-transformer': [ '0.74.87' ],
16 silly audit   '@react-native/normalize-colors': [ '0.74.85', '0.74.84', '0.74.87' ],
16 silly audit   '@react-native/virtualized-lists': [ '0.74.87' ],
16 silly audit   '@react-navigation/bottom-tabs': [ '6.5.20' ],
16 silly audit   '@react-navigation/core': [ '6.4.17' ],
16 silly audit   'escape-string-regexp': [ '4.0.0', '1.0.5', '2.0.0' ],
16 silly audit   '@react-navigation/elements': [ '1.3.31' ],
16 silly audit   '@react-navigation/native': [ '6.1.18' ],
16 silly audit   '@react-navigation/native-stack': [ '6.9.26' ],
16 silly audit   '@react-navigation/routers': [ '6.1.9' ],
16 silly audit   '@remix-run/node': [ '2.12.0' ],
16 silly audit   '@remix-run/router': [ '1.19.2' ],
16 silly audit   '@remix-run/server-runtime': [ '2.12.0' ],
16 silly audit   '@remix-run/web-blob': [ '3.1.0' ],
16 silly audit   '@remix-run/web-fetch': [ '4.4.2' ],
16 silly audit   '@remix-run/web-file': [ '3.1.0' ],
16 silly audit   '@remix-run/web-form-data': [ '3.1.0' ],
16 silly audit   '@remix-run/web-stream': [ '1.1.0' ],
16 silly audit   '@rnx-kit/chromium-edge-launcher': [ '1.0.0' ],
16 silly audit   mkdirp: [ '1.0.4', '0.5.6' ],
16 silly audit   '@segment/loosely-validate-event': [ '2.0.0' ],
16 silly audit   '@sideway/address': [ '4.1.5' ],
16 silly audit   '@sideway/formula': [ '3.0.1' ],
16 silly audit   '@sideway/pinpoint': [ '2.0.0' ],
16 silly audit   '@sinclair/typebox': [ '0.27.8' ],
16 silly audit   '@sinonjs/commons': [ '3.0.1' ],
16 silly audit   '@sinonjs/fake-timers': [ '10.3.0' ],
16 silly audit   '@types/cookie': [ '0.6.0' ],
16 silly audit   '@types/hammerjs': [ '2.0.45' ],
16 silly audit   '@types/istanbul-lib-coverage': [ '2.0.6' ],
16 silly audit   '@types/istanbul-lib-report': [ '3.0.3' ],
16 silly audit   '@types/json-schema': [ '7.0.15' ],
16 silly audit   '@types/node': [ '18.19.50' ],
16 silly audit   '@types/node-forge': [ '1.3.11' ],
16 silly audit   '@types/stack-utils': [ '2.0.3' ],
16 silly audit   '@types/yargs-parser': [ '21.0.3' ],
16 silly audit   '@urql/core': [ '2.3.6' ],
16 silly audit   '@urql/exchange-retry': [ '0.3.0' ],
16 silly audit   '@web3-storage/multipart-parser': [ '1.0.0' ],
16 silly audit   '@xmldom/xmldom': [ '0.7.13', '0.8.10' ],
16 silly audit   '@zxing/text-encoding': [ '0.9.0' ],
16 silly audit   'abort-controller': [ '3.0.0' ],
16 silly audit   accepts: [ '1.3.8' ],
16 silly audit   acorn: [ '8.12.1' ],
16 silly audit   'agent-base': [ '6.0.2' ],
16 silly audit   'aggregate-error': [ '3.1.0' ],
16 silly audit   ajv: [ '8.17.1' ],
16 silly audit   'ajv-formats': [ '2.1.1' ],
16 silly audit   'ajv-keywords': [ '5.1.0' ],
16 silly audit   anser: [ '1.4.10' ],
16 silly audit   'ansi-escapes': [ '4.3.2' ],
16 silly audit   'ansi-fragments': [ '0.2.1' ],
16 silly audit   'any-promise': [ '1.3.0' ],
16 silly audit   anymatch: [ '3.1.3' ],
16 silly audit   picomatch: [ '2.3.1', '3.0.1' ],
16 silly audit   appdirsjs: [ '1.2.7' ],
16 silly audit   'application-config-path': [ '0.1.1' ],
16 silly audit   arg: [ '5.0.2' ],
16 silly audit   'array-buffer-byte-length': [ '1.0.1' ],
16 silly audit   'array-union': [ '2.1.0' ],
16 silly audit   'arraybuffer.prototype.slice': [ '1.0.3' ],
16 silly audit   asap: [ '2.0.6' ],
16 silly audit   'ast-types': [ '0.15.2' ],
16 silly audit   'astral-regex': [ '1.0.0' ],
16 silly audit   'async-limiter': [ '1.0.1' ],
16 silly audit   asynckit: [ '0.4.0' ],
16 silly audit   'at-least-node': [ '1.0.0' ],
16 silly audit   'available-typed-arrays': [ '1.0.7' ],
16 silly audit   'babel-core': [ '7.0.0-bridge.0' ],
16 silly audit   'babel-plugin-polyfill-corejs2': [ '0.4.11' ],
16 silly audit   'babel-plugin-polyfill-corejs3': [ '0.10.6' ],
16 silly audit   'babel-plugin-polyfill-regenerator': [ '0.6.2' ],
16 silly audit   'babel-plugin-react-compiler': [ '0.0.0-experimental-de2cfda-20240912' ],
16 silly audit   'source-map': [ '0.5.7', '0.6.1', '0.7.4', '0.5.6' ],
16 silly audit   'babel-plugin-react-native-web': [ '0.19.12' ],
16 silly audit   'babel-plugin-transform-flow-enums': [ '0.0.2' ],
16 silly audit   'babel-preset-expo': [ '11.0.14' ],
16 silly audit   'balanced-match': [ '1.0.2' ],
16 silly audit   'base64-js': [ '1.5.1' ],
16 silly audit   'better-opn': [ '3.0.2' ],
16 silly audit   'big-integer': [ '1.6.52' ],
16 silly audit   bl: [ '4.1.0' ],
16 silly audit   'readable-stream': [ '3.6.2', '2.3.8' ],
16 silly audit   'bplist-creator': [ '0.0.7', '0.1.0' ],
16 silly audit   'bplist-parser': [ '0.3.2', '0.3.1' ],
16 silly audit   braces: [ '3.0.3' ],
16 silly audit   browserslist: [ '4.23.3' ],
16 silly audit   bser: [ '2.1.1' ],
16 silly audit   buffer: [ '5.7.1' ],
16 silly audit   'buffer-alloc': [ '1.2.0' ],
16 silly audit   'buffer-alloc-unsafe': [ '1.1.0' ],
16 silly audit   'buffer-fill': [ '1.0.0' ],
16 silly audit   'buffer-from': [ '1.1.2' ],
16 silly audit   builtins: [ '1.0.3' ],
16 silly audit   bytes: [ '3.0.0' ],
16 silly audit   cacache: [ '18.0.4' ],
16 silly audit   'lru-cache': [ '10.4.3', '6.0.0', '5.1.1' ],
16 silly audit   'call-bind': [ '1.0.7' ],
16 silly audit   'caller-callsite': [ '2.0.0' ],
16 silly audit   'caller-path': [ '2.0.0' ],
16 silly audit   callsites: [ '2.0.0' ],
16 silly audit   camelcase: [ '6.3.0', '5.3.1' ],
16 silly audit   'caniuse-lite': [ '1.0.30001660' ],
16 silly audit   charenc: [ '0.0.2' ],
16 silly audit   chownr: [ '2.0.0' ],
16 silly audit   'chrome-launcher': [ '0.15.2' ],
16 silly audit   'ci-info': [ '3.9.0', '2.0.0' ],
16 silly audit   'clean-stack': [ '2.2.0' ],
16 silly audit   'cli-spinners': [ '2.9.2' ],
16 silly audit   cliui: [ '8.0.1', '6.0.0' ],
16 silly audit   clone: [ '2.1.2', '1.0.4' ],
16 silly audit   'clone-deep': [ '4.0.1', '2.0.2' ],
16 silly audit   color: [ '4.2.3' ],
16 silly audit   'color-string': [ '1.9.1' ],
16 silly audit   colorette: [ '1.4.0' ],
16 silly audit   'combined-stream': [ '1.0.8' ],
16 silly audit   'command-exists': [ '1.2.9' ],
16 silly audit   commondir: [ '1.0.1' ],
16 silly audit   'component-type': [ '1.2.2' ],
16 silly audit   compressible: [ '2.0.18' ],
16 silly audit   compression: [ '1.7.4' ],
16 silly audit   'concat-map': [ '0.0.1' ],
16 silly audit   connect: [ '3.7.0' ],
16 silly audit   'convert-source-map': [ '2.0.0' ],
16 silly audit   cookie: [ '0.6.0' ],
16 silly audit   'cookie-signature': [ '1.2.1' ],
16 silly audit   'core-js-compat': [ '3.38.1' ],
16 silly audit   'core-util-is': [ '1.0.3' ],
16 silly audit   cosmiconfig: [ '5.2.1' ],
16 silly audit   'cross-fetch': [ '3.1.8' ],
16 silly audit   'cross-spawn': [ '7.0.3', '6.0.5' ],
16 silly audit   crypt: [ '0.0.2' ],
16 silly audit   'css-in-js-utils': [ '3.1.0' ],
16 silly audit   'dag-map': [ '1.0.2' ],
16 silly audit   'data-uri-to-buffer': [ '3.0.1' ],
16 silly audit   'data-view-buffer': [ '1.0.1' ],
16 silly audit   'data-view-byte-length': [ '1.0.1' ],
16 silly audit   'data-view-byte-offset': [ '1.0.0' ],
16 silly audit   dayjs: [ '1.11.13' ],
16 silly audit   decamelize: [ '1.2.0' ],
16 silly audit   'decode-uri-component': [ '0.2.2' ],
16 silly audit   'deep-extend': [ '0.6.0' ],
16 silly audit   deepmerge: [ '4.3.1' ],
16 silly audit   'default-gateway': [ '4.2.0' ],
16 silly audit   defaults: [ '1.0.4' ],
16 silly audit   'define-data-property': [ '1.1.4' ],
16 silly audit   'define-lazy-prop': [ '2.0.0' ],
16 silly audit   'define-properties': [ '1.2.1' ],
16 silly audit   del: [ '6.1.1' ],
16 silly audit   'delayed-stream': [ '1.0.0' ],
16 silly audit   denodeify: [ '1.2.1' ],
16 silly audit   depd: [ '2.0.0' ],
16 silly audit   destroy: [ '1.2.0' ],
16 silly audit   'detect-libc': [ '1.0.3' ],
16 silly audit   'dir-glob': [ '3.0.1' ],
16 silly audit   dotenv: [ '16.4.5' ],
16 silly audit   'dotenv-expand': [ '11.0.6' ],
16 silly audit   eastasianwidth: [ '0.2.0' ],
16 silly audit   'ee-first': [ '1.1.1' ],
16 silly audit   'electron-to-chromium': [ '1.5.23' ],
16 silly audit   encodeurl: [ '1.0.2', '2.0.0' ],
16 silly audit   'end-of-stream': [ '1.4.4' ],
16 silly audit   'env-editor': [ '0.4.2' ],
16 silly audit   envinfo: [ '7.14.0' ],
16 silly audit   eol: [ '0.9.1' ],
16 silly audit   'error-ex': [ '1.3.2' ],
16 silly audit   'error-stack-parser': [ '2.1.4' ],
16 silly audit   errorhandler: [ '1.5.1' ],
16 silly audit   'es-abstract': [ '1.23.3' ],
16 silly audit   'es-define-property': [ '1.0.0' ],
16 silly audit   'es-errors': [ '1.3.0' ],
16 silly audit   'es-object-atoms': [ '1.0.0' ],
16 silly audit   'es-set-tostringtag': [ '2.0.3' ],
16 silly audit   'es-to-primitive': [ '1.2.1' ],
16 silly audit   escalade: [ '3.2.0' ],
16 silly audit   'escape-html': [ '1.0.3' ],
16 silly audit   esprima: [ '4.0.1' ],
16 silly audit   etag: [ '1.8.1' ],
16 silly audit   'event-target-shim': [ '5.0.1' ],
16 silly audit   'exec-async': [ '2.2.0' ],
16 silly audit   'path-key': [ '2.0.1', '3.1.1' ],
16 silly audit   'shebang-command': [ '1.2.0', '2.0.0' ],
16 silly audit   'shebang-regex': [ '1.0.0', '3.0.0' ],
16 silly audit   which: [ '1.3.1', '2.0.2' ],
16 silly audit   expo: [ '51.0.32' ],
16 silly audit   'expo-asset': [ '10.0.10' ],
16 silly audit   'expo-constants': [ '16.0.2' ],
16 silly audit   'expo-file-system': [ '17.0.1' ],
16 silly audit   'expo-font': [ '12.0.10' ],
16 silly audit   'expo-keep-awake': [ '13.0.2' ],
16 silly audit   'expo-linking': [ '6.3.1' ],
16 silly audit   'expo-modules-autolinking': [ '1.11.2' ],
16 silly audit   'expo-modules-core': [ '1.12.24' ],
16 silly audit   'expo-router': [ '3.5.23' ],
16 silly audit   'expo-splash-screen': [ '0.27.5' ],
16 silly audit   'expo-status-bar': [ '1.12.1' ],
16 silly audit   'exponential-backoff': [ '3.1.1' ],
16 silly audit   'fast-deep-equal': [ '3.1.3' ],
16 silly audit   'fast-glob': [ '3.3.2' ],
16 silly audit   'fast-loops': [ '1.1.4' ],
16 silly audit   'fast-uri': [ '3.0.1' ],
16 silly audit   'fast-xml-parser': [ '4.5.0' ],
16 silly audit   fastq: [ '1.17.1' ],
16 silly audit   'faye-websocket': [ '0.11.4' ],
16 silly audit   'fb-watchman': [ '2.0.2' ],
16 silly audit   fbemitter: [ '3.0.0' ],
16 silly audit   fbjs: [ '3.0.5' ],
16 silly audit   'fbjs-css-vars': [ '1.0.2' ],
16 silly audit   'fetch-retry': [ '4.1.1' ],
16 silly audit   'fill-range': [ '7.1.1' ],
16 silly audit   'filter-obj': [ '1.1.0' ],
16 silly audit   finalhandler: [ '1.1.2' ],
16 silly audit   'find-cache-dir': [ '2.1.0' ],
16 silly audit   'find-yarn-workspace-root': [ '2.0.0' ],
16 silly audit   'flow-enums-runtime': [ '0.0.6' ],
16 silly audit   'flow-parser': [ '0.246.0' ],
16 silly audit   fontfaceobserver: [ '2.3.0' ],
16 silly audit   'for-each': [ '0.3.3' ],
16 silly audit   'for-in': [ '1.0.2', '0.1.8' ],
16 silly audit   'for-own': [ '1.0.0' ],
16 silly audit   'foreground-child': [ '3.3.0' ],
16 silly audit   'signal-exit': [ '4.1.0', '3.0.7' ],
16 silly audit   'form-data': [ '3.0.1' ],
16 silly audit   'freeport-async': [ '2.0.0' ],
16 silly audit   fresh: [ '0.5.2' ],
16 silly audit   'fs-minipass': [ '3.0.3', '2.1.0' ],
16 silly audit   'fs.realpath': [ '1.0.0' ],
16 silly audit   fsevents: [ '2.3.3' ],
16 silly audit   'function-bind': [ '1.1.2' ],
16 silly audit   'function.prototype.name': [ '1.1.6' ],
16 silly audit   'functions-have-names': [ '1.2.3' ],
16 silly audit   gensync: [ '1.0.0-beta.2' ],
16 silly audit   'get-caller-file': [ '2.0.5' ],
16 silly audit   'get-intrinsic': [ '1.2.4' ],
16 silly audit   'get-port': [ '3.2.0' ],
16 silly audit   'get-symbol-description': [ '1.0.2' ],
16 silly audit   getenv: [ '1.0.0' ],
16 silly audit   'glob-parent': [ '5.1.2' ],
16 silly audit   globals: [ '11.12.0' ],
16 silly audit   globalthis: [ '1.0.4' ],
16 silly audit   globby: [ '11.1.0' ],
16 silly audit   gopd: [ '1.0.1' ],
16 silly audit   'graceful-fs': [ '4.2.11' ],
16 silly audit   graphql: [ '15.8.0' ],
16 silly audit   'graphql-tag': [ '2.12.6' ],
16 silly audit   'has-bigints': [ '1.0.2' ],
16 silly audit   'has-property-descriptors': [ '1.0.2' ],
16 silly audit   'has-proto': [ '1.0.3' ],
16 silly audit   'has-symbols': [ '1.0.3' ],
16 silly audit   'has-tostringtag': [ '1.0.2' ],
16 silly audit   hasown: [ '2.0.2' ],
16 silly audit   'hermes-estree': [ '0.19.1', '0.23.1' ],
16 silly audit   'hermes-parser': [ '0.19.1', '0.23.1' ],
16 silly audit   'hermes-profile-transformer': [ '0.0.6' ],
16 silly audit   'hoist-non-react-statics': [ '3.3.2' ],
16 silly audit   'hosted-git-info': [ '3.0.8' ],
16 silly audit   yallist: [ '4.0.0', '3.1.1' ],
16 silly audit   'http-errors': [ '2.0.0' ],
16 silly audit   statuses: [ '2.0.1', '1.5.0' ],
16 silly audit   'http-parser-js': [ '0.5.8' ],
16 silly audit   'https-proxy-agent': [ '5.0.1' ],
16 silly audit   'human-signals': [ '2.1.0' ],
16 silly audit   'hyphenate-style-name': [ '1.1.0' ],
16 silly audit   idb: [ '7.1.1' ],
16 silly audit   ieee754: [ '1.2.1' ],
16 silly audit   ignore: [ '5.3.2' ],
16 silly audit   'image-size': [ '1.1.1' ],
16 silly audit   'import-fresh': [ '2.0.0' ],
16 silly audit   'resolve-from': [ '3.0.0', '5.0.0' ],
16 silly audit   imurmurhash: [ '0.1.4' ],
16 silly audit   'indent-string': [ '4.0.0' ],
16 silly audit   inflight: [ '1.0.6' ],
16 silly audit   inherits: [ '2.0.4' ],
16 silly audit   ini: [ '1.3.8' ],
16 silly audit   'inline-style-prefixer': [ '6.0.4' ],
16 silly audit   'internal-ip': [ '4.3.0' ],
16 silly audit   'internal-slot': [ '1.0.7' ],
16 silly audit   invariant: [ '2.2.4' ],
16 silly audit   'ip-regex': [ '2.1.0' ],
16 silly audit   'ipaddr.js': [ '1.9.1' ],
16 silly audit   'is-arguments': [ '1.1.1' ],
16 silly audit   'is-array-buffer': [ '3.0.4' ],
16 silly audit   'is-arrayish': [ '0.2.1', '0.3.2' ],
16 silly audit   'is-bigint': [ '1.0.4' ],
16 silly audit   'is-boolean-object': [ '1.1.2' ],
16 silly audit   'is-buffer': [ '1.1.6' ],
16 silly audit   'is-callable': [ '1.2.7' ],
16 silly audit   'is-core-module': [ '2.15.1' ],
16 silly audit   'is-data-view': [ '1.0.1' ],
16 silly audit   'is-date-object': [ '1.0.5' ],
16 silly audit   'is-directory': [ '0.3.1' ],
16 silly audit   'is-docker': [ '2.2.1' ],
16 silly audit   'is-extendable': [ '0.1.1' ],
16 silly audit   'is-extglob': [ '2.1.1', '1.0.0' ],
16 silly audit   'is-fullwidth-code-point': [ '2.0.0', '3.0.0' ],
16 silly audit   'is-generator-function': [ '1.0.10' ],
16 silly audit   'is-glob': [ '4.0.3', '2.0.1' ],
16 silly audit   'is-interactive': [ '1.0.0' ],
16 silly audit   'is-invalid-path': [ '0.1.0' ],
16 silly audit   'is-negative-zero': [ '2.0.3' ],
16 silly audit   'is-number': [ '7.0.0' ],
16 silly audit   'is-number-object': [ '1.0.7' ],
16 silly audit   'is-path-cwd': [ '2.2.0' ],
16 silly audit   'is-path-inside': [ '3.0.3' ],
16 silly audit   'is-plain-obj': [ '2.1.0' ],
16 silly audit   'is-plain-object': [ '2.0.4' ],
16 silly audit   'is-regex': [ '1.1.4' ],
16 silly audit   'is-shared-array-buffer': [ '1.0.3' ],
16 silly audit   'is-string': [ '1.0.7' ],
16 silly audit   'is-symbol': [ '1.0.4' ],
16 silly audit   'is-typed-array': [ '1.1.13' ],
16 silly audit   'is-unicode-supported': [ '0.1.0' ],
16 silly audit   'is-valid-path': [ '0.1.1' ],
16 silly audit   'is-weakref': [ '1.0.2' ],
16 silly audit   isarray: [ '1.0.0', '2.0.5' ],
16 silly audit   isexe: [ '2.0.0' ],
16 silly audit   isobject: [ '3.0.1' ],
16 silly audit   jackspeak: [ '3.4.3' ],
16 silly audit   'jest-environment-node': [ '29.7.0' ],
16 silly audit   'jest-get-type': [ '29.6.3' ],
16 silly audit   'jest-message-util': [ '29.7.0' ],
16 silly audit   'jest-mock': [ '29.7.0' ],
16 silly audit   'jest-util': [ '29.7.0' ],
16 silly audit   'jest-validate': [ '29.7.0' ],
16 silly audit   'jest-worker': [ '29.7.0' ],
16 silly audit   'jimp-compact': [ '0.16.1' ],
16 silly audit   joi: [ '17.13.3' ],
16 silly audit   'join-component': [ '1.1.0' ],
16 silly audit   'js-tokens': [ '4.0.0' ],
16 silly audit   'jsc-android': [ '250231.0.0' ],
16 silly audit   'jsc-safe-url': [ '0.2.4' ],
16 silly audit   jscodeshift: [ '0.14.0' ],
16 silly audit   jsesc: [ '2.5.2', '0.5.0' ],
16 silly audit   'json-parse-better-errors': [ '1.0.2' ],
16 silly audit   'json-schema-deref-sync': [ '0.13.0' ],
16 silly audit   md5: [ '2.2.1', '2.3.0' ],
16 silly audit   'json-schema-traverse': [ '1.0.0' ],
16 silly audit   json5: [ '2.2.3' ],
16 silly audit   'kind-of': [ '6.0.3', '5.1.0' ],
16 silly audit   kleur: [ '3.0.3' ],
16 silly audit   leven: [ '3.1.0' ],
16 silly audit   'lighthouse-logger': [ '1.4.2' ],
16 silly audit   lightningcss: [ '1.19.0' ],
16 silly audit   'lightningcss-darwin-arm64': [ '1.19.0' ],
16 silly audit   'lightningcss-darwin-x64': [ '1.19.0' ],
16 silly audit   'lightningcss-linux-arm-gnueabihf': [ '1.19.0' ],
16 silly audit   'lightningcss-linux-arm64-gnu': [ '1.19.0' ],
16 silly audit   'lightningcss-linux-arm64-musl': [ '1.19.0' ],
16 silly audit   'lightningcss-linux-x64-gnu': [ '1.19.0' ],
16 silly audit   'lightningcss-linux-x64-musl': [ '1.19.0' ],
16 silly audit   'lightningcss-win32-x64-msvc': [ '1.19.0' ],
16 silly audit   'lines-and-columns': [ '1.2.4' ],
16 silly audit   lodash: [ '4.17.21' ],
16 silly audit   'lodash.camelcase': [ '4.3.0' ],
16 silly audit   'lodash.debounce': [ '4.0.8' ],
16 silly audit   'lodash.throttle': [ '4.1.1' ],
16 silly audit   logkitty: [ '0.7.1' ],
16 silly audit   y18n: [ '4.0.3', '5.0.8' ],
16 silly audit   yargs: [ '15.4.1', '17.7.2' ],
16 silly audit   'yargs-parser': [ '18.1.3', '21.1.1' ],
16 silly audit   long: [ '5.2.3' ],
16 silly audit   'loose-envify': [ '1.4.0' ],
16 silly audit   'make-dir': [ '2.1.0' ],
16 silly audit   makeerror: [ '1.0.12' ],
16 silly audit   marky: [ '1.2.5' ],
16 silly audit   'md5-file': [ '3.2.3' ],
16 silly audit   md5hex: [ '1.0.0' ],
16 silly audit   'memoize-one': [ '5.2.1', '6.0.0' ],
16 silly audit   'memory-cache': [ '0.2.0' ],
16 silly audit   'merge-options': [ '3.0.4' ],
16 silly audit   'merge-stream': [ '2.0.0' ],
16 silly audit   merge2: [ '1.4.1' ],
16 silly audit   metro: [ '0.80.12' ],
16 silly audit   'metro-babel-transformer': [ '0.80.12' ],
16 silly audit   'metro-cache': [ '0.80.12' ],
16 silly audit   'metro-cache-key': [ '0.80.12' ],
16 silly audit   'metro-config': [ '0.80.12' ],
16 silly audit   'metro-core': [ '0.80.12' ],
16 silly audit   'metro-file-map': [ '0.80.12' ],
16 silly audit   'metro-minify-terser': [ '0.80.12' ],
16 silly audit   'metro-resolver': [ '0.80.12' ],
16 silly audit   'metro-runtime': [ '0.80.12' ],
16 silly audit   'metro-source-map': [ '0.80.12' ],
16 silly audit   'metro-symbolicate': [ '0.80.12' ],
16 silly audit   'metro-transform-plugins': [ '0.80.12' ],
16 silly audit   'metro-transform-worker': [ '0.80.12' ],
16 silly audit   micromatch: [ '4.0.8' ],
16 silly audit   mime: [ '2.6.0', '1.6.0' ],
16 silly audit   'mime-db': [ '1.52.0' ],
16 silly audit   'mime-types': [ '2.1.35' ],
16 silly audit   minimist: [ '1.2.8' ],
16 silly audit   minipass: [ '7.1.2', '3.3.6', '5.0.0' ],
16 silly audit   'minipass-collect': [ '2.0.1' ],
16 silly audit   'minipass-flush': [ '1.0.5' ],
16 silly audit   'minipass-pipeline': [ '1.2.4' ],
16 silly audit   minizlib: [ '2.1.2' ],
16 silly audit   'mixin-object': [ '2.0.1' ],
16 silly audit   mrmime: [ '1.0.1' ],
16 silly audit   mz: [ '2.7.0' ],
16 silly audit   nanoid: [ '3.3.7' ],
16 silly audit   negotiator: [ '0.6.3' ],
16 silly audit   'neo-async': [ '2.6.2' ],
16 silly audit   'nested-error-stacks': [ '2.0.1' ],
16 silly audit   'nice-try': [ '1.0.5' ],
16 silly audit   nocache: [ '3.0.4' ],
16 silly audit   'node-abort-controller': [ '3.1.1' ],
16 silly audit   'node-dir': [ '0.1.17' ],
16 silly audit   'node-fetch': [ '2.7.0' ],
16 silly audit   'node-forge': [ '1.3.1' ],
16 silly audit   'node-int64': [ '0.4.0' ],
16 silly audit   'node-releases': [ '2.0.18' ],
16 silly audit   'node-stream-zip': [ '1.15.0' ],
16 silly audit   'normalize-path': [ '3.0.0' ],
16 silly audit   'npm-package-arg': [ '7.0.0' ],
16 silly audit   nullthrows: [ '1.1.1' ],
16 silly audit   ob1: [ '0.80.12' ],
16 silly audit   'object-assign': [ '4.1.1' ],
16 silly audit   'object-inspect': [ '1.13.2' ],
16 silly audit   'object-keys': [ '1.1.1' ],
16 silly audit   'object.assign': [ '4.1.5' ],
16 silly audit   'on-finished': [ '2.3.0', '2.4.1' ],
16 silly audit   'on-headers': [ '1.0.2' ],
16 silly audit   once: [ '1.4.0' ],
16 silly audit   'os-homedir': [ '1.0.2' ],
16 silly audit   'os-tmpdir': [ '1.0.2' ],
16 silly audit   osenv: [ '0.1.5' ],
16 silly audit   'p-finally': [ '1.0.0' ],
16 silly audit   'p-map': [ '4.0.0' ],
16 silly audit   'p-try': [ '2.2.0' ],
16 silly audit   'package-json-from-dist': [ '1.0.0' ],
16 silly audit   'parse-json': [ '4.0.0' ],
16 silly audit   'parse-png': [ '2.1.0' ],
16 silly audit   parseurl: [ '1.3.3' ],
16 silly audit   'password-prompt': [ '1.1.3' ],
16 silly audit   'path-exists': [ '4.0.0', '3.0.0' ],
16 silly audit   'path-is-absolute': [ '1.0.1' ],
16 silly audit   'path-parse': [ '1.0.7' ],
16 silly audit   'path-scurry': [ '1.11.1' ],
16 silly audit   'path-type': [ '4.0.0' ],
16 silly audit   picocolors: [ '1.1.0' ],
16 silly audit   pify: [ '4.0.1' ],
16 silly audit   pirates: [ '4.0.6' ],
16 silly audit   'pkg-dir': [ '3.0.0' ],
16 silly audit   plist: [ '3.1.0' ],
16 silly audit   xmlbuilder: [ '15.1.1', '11.0.1', '14.0.0' ],
16 silly audit   pngjs: [ '3.4.0' ],
16 silly audit   'possible-typed-array-names': [ '1.0.0' ],
16 silly audit   postcss: [ '8.4.47' ],
16 silly audit   'postcss-value-parser': [ '4.2.0' ],
16 silly audit   'pretty-bytes': [ '5.6.0' ],
16 silly audit   'process-nextick-args': [ '2.0.1' ],
16 silly audit   progress: [ '2.0.3' ],
16 silly audit   promise: [ '7.3.1', '8.3.0' ],
16 silly audit   prompts: [ '2.4.2' ],
16 silly audit   'prop-types': [ '15.8.1' ],
16 silly audit   protobufjs: [ '7.4.0' ],
16 silly audit   pump: [ '3.0.2' ],
16 silly audit   punycode: [ '2.3.1' ],
16 silly audit   'qrcode-terminal': [ '0.11.0' ],
16 silly audit   'query-string': [ '7.1.3' ],
16 silly audit   querystring: [ '0.2.1' ],
16 silly audit   queue: [ '6.0.2' ],
16 silly audit   'queue-microtask': [ '1.2.3' ],
16 silly audit   'range-parser': [ '1.2.1' ],
16 silly audit   rc: [ '1.2.8' ],
16 silly audit   react: [ '18.2.0' ],
16 silly audit   'react-devtools-core': [ '5.3.1' ],
16 silly audit   'react-dom': [ '18.2.0' ],
16 silly audit   'react-fast-compare': [ '3.2.2' ],
16 silly audit   'react-freeze': [ '1.0.4' ],
16 silly audit   'react-native': [ '0.74.5' ],
16 silly audit   'react-native-gesture-handler': [ '2.16.2' ],
16 silly audit   'react-native-helmet-async': [ '2.0.4' ],
16 silly audit   'react-native-safe-area-context': [ '4.10.5' ],
16 silly audit   'react-native-screens': [ '3.31.1' ],
16 silly audit   'react-native-web': [ '0.19.12' ],
16 silly audit   'regenerator-runtime': [ '0.13.11', '0.14.1' ],
16 silly audit   scheduler: [ '0.24.0-canary-efb381bbf-20230505', '0.23.2' ],
16 silly audit   'react-refresh': [ '0.14.2' ],
16 silly audit   'react-shallow-renderer': [ '16.15.0' ],
16 silly audit   readline: [ '1.3.0' ],
16 silly audit   recast: [ '0.21.5' ],
16 silly audit   regenerate: [ '1.4.2' ],
16 silly audit   'regenerate-unicode-properties': [ '10.2.0' ],
16 silly audit   'regexp.prototype.flags': [ '1.5.2' ],
16 silly audit   'regexpu-core': [ '5.3.2' ],
16 silly audit   regjsparser: [ '0.9.1' ],
16 silly audit   'remove-trailing-slash': [ '0.1.1' ],
16 silly audit   'require-directory': [ '2.1.1' ],
16 silly audit   'require-from-string': [ '2.0.2' ],
16 silly audit   'require-main-filename': [ '2.0.0' ],
16 silly audit   requireg: [ '0.2.2' ],
16 silly audit   resolve: [ '1.7.1', '1.22.8' ],
16 silly audit   'resolve.exports': [ '2.0.2' ],
16 silly audit   reusify: [ '1.0.4' ],
16 silly audit   rimraf: [ '3.0.2', '2.6.3' ],
16 silly audit   'run-parallel': [ '1.2.0' ],
16 silly audit   'safe-array-concat': [ '1.1.2' ],
16 silly audit   'safe-buffer': [ '5.1.2' ],
16 silly audit   'safe-regex-test': [ '1.0.3' ],
16 silly audit   sax: [ '1.4.1' ],
16 silly audit   'schema-utils': [ '4.2.0' ],
16 silly audit   selfsigned: [ '2.4.1' ],
16 silly audit   send: [ '0.18.0', '0.19.0' ],
16 silly audit   'serialize-error': [ '2.1.0' ],
16 silly audit   'serve-static': [ '1.16.2' ],
16 silly audit   'set-blocking': [ '2.0.0' ],
16 silly audit   'set-cookie-parser': [ '2.7.0' ],
16 silly audit   'set-function-length': [ '1.2.2' ],
16 silly audit   'set-function-name': [ '2.0.2' ],
16 silly audit   setimmediate: [ '1.0.5' ],
16 silly audit   setprototypeof: [ '1.2.0' ],
16 silly audit   'shallow-clone': [ '3.0.1', '1.0.0' ],
16 silly audit   shallowequal: [ '1.1.0' ],
16 silly audit   'shell-quote': [ '1.8.1' ],
16 silly audit   'side-channel': [ '1.0.6' ],
16 silly audit   'simple-plist': [ '1.3.1' ],
16 silly audit   'simple-swizzle': [ '0.2.2' ],
16 silly audit   sisteransi: [ '1.0.5' ],
16 silly audit   slash: [ '3.0.0' ],
16 silly audit   'slice-ansi': [ '2.1.0' ],
16 silly audit   slugify: [ '1.6.6' ],
16 silly audit   'source-map-js': [ '1.2.1' ],
16 silly audit   'source-map-support': [ '0.5.21' ],
16 silly audit   split: [ '1.0.1' ],
16 silly audit   'split-on-first': [ '1.1.0' ],
16 silly audit   'sprintf-js': [ '1.0.3' ],
16 silly audit   ssri: [ '10.0.6' ],
16 silly audit   'stack-generator': [ '2.0.10' ],
16 silly audit   'stack-utils': [ '2.0.6' ],
16 silly audit   stackframe: [ '1.3.4' ],
16 silly audit   'stacktrace-gps': [ '3.1.2' ],
16 silly audit   'stacktrace-js': [ '2.0.2' ],
16 silly audit   'stacktrace-parser': [ '0.1.10' ],
16 silly audit   'stream-buffers': [ '2.2.0' ],
16 silly audit   'stream-slice': [ '0.1.2' ],
16 silly audit   'strict-uri-encode': [ '2.0.0' ],
16 silly audit   string_decoder: [ '1.1.1' ],
16 silly audit   'string.prototype.trim': [ '1.2.9' ],
16 silly audit   'string.prototype.trimend': [ '1.0.8' ],
16 silly audit   'string.prototype.trimstart': [ '1.0.8' ],
16 silly audit   'strip-eof': [ '1.0.0' ],
16 silly audit   'strip-final-newline': [ '2.0.0' ],
16 silly audit   'strip-json-comments': [ '2.0.1' ],
16 silly audit   strnum: [ '1.0.5' ],
16 silly audit   'structured-headers': [ '0.4.1' ],
16 silly audit   styleq: [ '0.1.3' ],
16 silly audit   sucrase: [ '3.34.0' ],
16 silly audit   superstruct: [ '0.6.2' ],
16 silly audit   'supports-hyperlinks': [ '2.3.0' ],
16 silly audit   'supports-preserve-symlinks-flag': [ '1.0.0' ],
16 silly audit   tar: [ '6.2.1' ],
16 silly audit   temp: [ '0.8.4' ],
16 silly audit   'terminal-link': [ '2.1.1' ],
16 silly audit   terser: [ '5.32.0' ],
16 silly audit   'text-table': [ '0.2.0' ],
16 silly audit   thenify: [ '3.3.1' ],
16 silly audit   'thenify-all': [ '1.6.0' ],
16 silly audit   throat: [ '5.0.0' ],
16 silly audit   through: [ '2.3.8' ],
16 silly audit   through2: [ '2.0.5' ],
16 silly audit   tmp: [ '0.0.33' ],
16 silly audit   tmpl: [ '1.0.5' ],
16 silly audit   'to-fast-properties': [ '2.0.0' ],
16 silly audit   'to-regex-range': [ '5.0.1' ],
16 silly audit   toidentifier: [ '1.0.1' ],
16 silly audit   tr46: [ '0.0.3' ],
16 silly audit   traverse: [ '0.6.10' ],
16 silly audit   'trim-right': [ '1.0.1' ],
16 silly audit   'ts-interface-checker': [ '0.1.13' ],
16 silly audit   tslib: [ '2.7.0' ],
16 silly audit   'turbo-stream': [ '2.4.0' ],
16 silly audit   'type-detect': [ '4.0.8' ],
16 silly audit   'typed-array-buffer': [ '1.0.2' ],
16 silly audit   'typed-array-byte-length': [ '1.0.1' ],
16 silly audit   'typed-array-byte-offset': [ '1.0.2' ],
16 silly audit   'typed-array-length': [ '1.0.6' ],
16 silly audit   'typedarray.prototype.slice': [ '1.0.3' ],
16 silly audit   'ua-parser-js': [ '1.0.39' ],
16 silly audit   'unbox-primitive': [ '1.0.2' ],
16 silly audit   'undici-types': [ '5.26.5' ],
16 silly audit   'unicode-canonical-property-names-ecmascript': [ '2.0.1' ],
16 silly audit   'unicode-match-property-ecmascript': [ '2.0.0' ],
16 silly audit   'unicode-match-property-value-ecmascript': [ '2.2.0' ],
16 silly audit   'unicode-property-aliases-ecmascript': [ '2.1.0' ],
16 silly audit   'unique-filename': [ '3.0.0' ],
16 silly audit   'unique-slug': [ '4.0.0' ],
16 silly audit   unpipe: [ '1.0.0' ],
16 silly audit   'update-browserslist-db': [ '1.1.0' ],
16 silly audit   'url-join': [ '4.0.0' ],
16 silly audit   'use-latest-callback': [ '0.2.1' ],
16 silly audit   util: [ '0.12.5' ],
16 silly audit   'util-deprecate': [ '1.0.2' ],
16 silly audit   'utils-merge': [ '1.0.1' ],
16 silly audit   uuid: [ '8.3.2', '7.0.3' ],
16 silly audit   'valid-url': [ '1.0.9' ],
16 silly audit   'validate-npm-package-name': [ '3.0.0' ],
16 silly audit   vary: [ '1.1.2' ],
16 silly audit   vlq: [ '1.0.1' ],
16 silly audit   walker: [ '1.0.8' ],
16 silly audit   'warn-once': [ '0.1.1' ],
16 silly audit   wcwidth: [ '1.0.1' ],
16 silly audit   'web-encoding': [ '1.1.5' ],
16 silly audit   'web-streams-polyfill': [ '3.3.3' ],
16 silly audit   'webidl-conversions': [ '3.0.1', '5.0.0' ],
16 silly audit   'websocket-driver': [ '0.7.4' ],
16 silly audit   'websocket-extensions': [ '0.1.4' ],
16 silly audit   'whatwg-fetch': [ '3.6.20' ],
16 silly audit   'whatwg-url': [ '5.0.0' ],
16 silly audit   'whatwg-url-without-unicode': [ '8.0.0-3' ],
16 silly audit   'which-boxed-primitive': [ '1.0.2' ],
16 silly audit   'which-module': [ '2.0.1' ],
16 silly audit   'which-typed-array': [ '1.1.15' ],
16 silly audit   wonka: [ '4.0.15' ],
16 silly audit   wrappy: [ '1.0.2' ],
16 silly audit   'write-file-atomic': [ '2.4.3' ],
16 silly audit   xcode: [ '3.0.1' ],
16 silly audit   xml2js: [ '0.6.0' ],
16 silly audit   xtend: [ '4.0.2' ],
16 silly audit   yaml: [ '2.5.1' ],
16 silly audit   'yocto-queue': [ '0.1.0' ],
16 silly audit   zod: [ '3.23.8' ],
16 silly audit   'zod-validation-error': [ '2.1.0' ]
16 silly audit }
17 verbose reify failed optional dependency C:\Users\carlo\Documents\GitHub\Controle_de_Materiais_2\node_modules\lightningcss-linux-x64-musl
18 silly reify mark deleted [
18 silly reify   'C:\\Users\\carlo\\Documents\\GitHub\\Controle_de_Materiais_2\\node_modules\\lightningcss-linux-x64-musl'
18 silly reify ]
19 verbose reify failed optional dependency C:\Users\carlo\Documents\GitHub\Controle_de_Materiais_2\node_modules\lightningcss-linux-x64-gnu
20 silly reify mark deleted [
20 silly reify   'C:\\Users\\carlo\\Documents\\GitHub\\Controle_de_Materiais_2\\node_modules\\lightningcss-linux-x64-gnu'
20 silly reify ]
21 verbose reify failed optional dependency C:\Users\carlo\Documents\GitHub\Controle_de_Materiais_2\node_modules\lightningcss-linux-arm64-musl
22 silly reify mark deleted [
22 silly reify   'C:\\Users\\carlo\\Documents\\GitHub\\Controle_de_Materiais_2\\node_modules\\lightningcss-linux-arm64-musl'
22 silly reify ]
23 verbose reify failed optional dependency C:\Users\carlo\Documents\GitHub\Controle_de_Materiais_2\node_modules\lightningcss-linux-arm64-gnu
24 silly reify mark deleted [
24 silly reify   'C:\\Users\\carlo\\Documents\\GitHub\\Controle_de_Materiais_2\\node_modules\\lightningcss-linux-arm64-gnu'
24 silly reify ]
25 verbose reify failed optional dependency C:\Users\carlo\Documents\GitHub\Controle_de_Materiais_2\node_modules\lightningcss-linux-arm-gnueabihf
26 silly reify mark deleted [
26 silly reify   'C:\\Users\\carlo\\Documents\\GitHub\\Controle_de_Materiais_2\\node_modules\\lightningcss-linux-arm-gnueabihf'
26 silly reify ]
27 verbose reify failed optional dependency C:\Users\carlo\Documents\GitHub\Controle_de_Materiais_2\node_modules\lightningcss-darwin-x64
28 silly reify mark deleted [
28 silly reify   'C:\\Users\\carlo\\Documents\\GitHub\\Controle_de_Materiais_2\\node_modules\\lightningcss-darwin-x64'
28 silly reify ]
29 verbose reify failed optional dependency C:\Users\carlo\Documents\GitHub\Controle_de_Materiais_2\node_modules\lightningcss-darwin-arm64
30 silly reify mark deleted [
30 silly reify   'C:\\Users\\carlo\\Documents\\GitHub\\Controle_de_Materiais_2\\node_modules\\lightningcss-darwin-arm64'
30 silly reify ]
31 verbose reify failed optional dependency C:\Users\carlo\Documents\GitHub\Controle_de_Materiais_2\node_modules\fsevents
32 silly reify mark deleted [
32 silly reify   'C:\\Users\\carlo\\Documents\\GitHub\\Controle_de_Materiais_2\\node_modules\\fsevents'
32 silly reify ]
33 http fetch POST 200 https://registry.npmjs.org/-/npm/v1/security/advisories/bulk 2131ms
34 silly audit report {
34 silly audit report   send: [
34 silly audit report     {
34 silly audit report       id: 1099525,
34 silly audit report       url: 'https://github.com/advisories/GHSA-m6fv-jmcg-4jfg',
34 silly audit report       title: 'send vulnerable to template injection that can lead to XSS',
34 silly audit report       severity: 'moderate',
34 silly audit report       vulnerable_versions: '<0.19.0',
34 silly audit report       cwe: [Array],
34 silly audit report       cvss: [Object]
34 silly audit report     }
34 silly audit report   ]
34 silly audit report }
35 silly packumentCache corgi:https://registry.npmjs.org/send cache-miss
36 http fetch GET 200 https://registry.npmjs.org/send 21ms (cache hit)
37 silly packumentCache corgi:https://registry.npmjs.org/send set size:58787 disposed:false
38 silly packumentCache corgi:https://registry.npmjs.org/@expo%2fcli cache-miss
39 http fetch GET 200 https://registry.npmjs.org/@expo%2fcli 12ms (cache hit)
40 silly packumentCache corgi:https://registry.npmjs.org/@expo%2fcli set size:617751 disposed:false
41 silly packumentCache corgi:https://registry.npmjs.org/expo cache-miss
42 http fetch GET 200 https://registry.npmjs.org/expo 15ms (cache hit)
43 silly packumentCache corgi:https://registry.npmjs.org/expo set size:1142958 disposed:false
44 silly ADD
45 silly ADD
46 silly ADD
47 silly ADD
48 silly ADD
49 silly ADD
50 silly ADD
51 silly ADD
52 verbose cwd C:\Users\carlo\Documents\GitHub\Controle_de_Materiais_2
53 verbose os Windows_NT 10.0.19045
54 verbose node v20.16.0
55 verbose npm  v10.8.3
56 verbose exit 0
57 info ok
